<?xml version="1.0" encoding="UTF-8"?>
<coverage generated="1758932890532" clover="3.2.0">
  <project timestamp="1758932890533" name="All files">
    <metrics statements="70" coveredstatements="66" conditionals="30" coveredconditionals="18" methods="27" coveredmethods="26" elements="127" coveredelements="110" complexity="0" loc="70" ncloc="70" packages="4" files="5" classes="5"/>
    <package name="components">
      <metrics statements="3" coveredstatements="3" conditionals="2" coveredconditionals="2" methods="1" coveredmethods="1"/>
      <file name="CharacterCard.tsx" path="C:\Users\Tomas\Documents\rick-and-morty-challenge\rick-and-morty-challenge\src\components\CharacterCard.tsx">
        <metrics statements="3" coveredstatements="3" conditionals="2" coveredconditionals="2" methods="1" coveredmethods="1"/>
        <line num="1" count="2" type="stmt"/>
        <line num="13" count="2" type="stmt"/>
        <line num="21" count="28" type="stmt"/>
      </file>
    </package>
    <package name="hooks">
      <metrics statements="34" coveredstatements="33" conditionals="6" coveredconditionals="3" methods="9" coveredmethods="9"/>
      <file name="useCharacterEpisodes.ts" path="C:\Users\Tomas\Documents\rick-and-morty-challenge\rick-and-morty-challenge\src\hooks\useCharacterEpisodes.ts">
        <metrics statements="20" coveredstatements="19" conditionals="6" coveredconditionals="3" methods="4" coveredmethods="4"/>
        <line num="1" count="1" type="stmt"/>
        <line num="10" count="1" type="stmt"/>
        <line num="11" count="3" type="stmt"/>
        <line num="12" count="3" type="stmt"/>
        <line num="14" count="3" type="stmt"/>
        <line num="15" count="1" type="cond" truecount="1" falsecount="1"/>
        <line num="17" count="1" type="stmt"/>
        <line num="18" count="1" type="stmt"/>
        <line num="19" count="1" type="stmt"/>
        <line num="20" count="1" type="stmt"/>
        <line num="21" count="1" type="stmt"/>
        <line num="24" count="1" type="cond" truecount="1" falsecount="1"/>
        <line num="25" count="2" type="stmt"/>
        <line num="26" count="1" type="stmt"/>
        <line num="27" count="1" type="stmt"/>
        <line num="28" count="1" type="cond" truecount="1" falsecount="1"/>
        <line num="31" count="0" type="stmt"/>
        <line num="33" count="1" type="stmt"/>
        <line num="37" count="1" type="stmt"/>
        <line num="40" count="3" type="stmt"/>
      </file>
      <file name="usePaginatedCharacters.ts" path="C:\Users\Tomas\Documents\rick-and-morty-challenge\rick-and-morty-challenge\src\hooks\usePaginatedCharacters.ts">
        <metrics statements="14" coveredstatements="14" conditionals="0" coveredconditionals="0" methods="5" coveredmethods="5"/>
        <line num="1" count="1" type="stmt"/>
        <line num="2" count="1" type="stmt"/>
        <line num="5" count="1" type="stmt"/>
        <line num="6" count="4" type="stmt"/>
        <line num="7" count="4" type="stmt"/>
        <line num="8" count="4" type="stmt"/>
        <line num="10" count="4" type="stmt"/>
        <line num="11" count="2" type="stmt"/>
        <line num="12" count="2" type="stmt"/>
        <line num="14" count="1" type="stmt"/>
        <line num="15" count="1" type="stmt"/>
        <line num="17" count="1" type="stmt"/>
        <line num="18" count="2" type="stmt"/>
        <line num="21" count="4" type="stmt"/>
      </file>
    </package>
    <package name="lib">
      <metrics statements="5" coveredstatements="2" conditionals="3" coveredconditionals="0" methods="1" coveredmethods="0"/>
      <file name="rickAndMortyApiCall.ts" path="C:\Users\Tomas\Documents\rick-and-morty-challenge\rick-and-morty-challenge\src\lib\rickAndMortyApiCall.ts">
        <metrics statements="5" coveredstatements="2" conditionals="3" coveredconditionals="0" methods="1" coveredmethods="0"/>
        <line num="1" count="1" type="stmt"/>
        <line num="3" count="1" type="cond" truecount="0" falsecount="1"/>
        <line num="4" count="0" type="stmt"/>
        <line num="5" count="0" type="cond" truecount="0" falsecount="2"/>
        <line num="6" count="0" type="stmt"/>
      </file>
    </package>
    <package name="pages">
      <metrics statements="28" coveredstatements="28" conditionals="19" coveredconditionals="13" methods="16" coveredmethods="16"/>
      <file name="Home.tsx" path="C:\Users\Tomas\Documents\rick-and-morty-challenge\rick-and-morty-challenge\src\pages\Home.tsx">
        <metrics statements="28" coveredstatements="28" conditionals="19" coveredconditionals="13" methods="16" coveredmethods="16"/>
        <line num="1" count="1" type="stmt"/>
        <line num="3" count="1" type="stmt"/>
        <line num="4" count="1" type="stmt"/>
        <line num="6" count="1" type="stmt"/>
        <line num="8" count="1" type="stmt"/>
        <line num="10" count="1" type="stmt"/>
        <line num="11" count="6" type="stmt"/>
        <line num="12" count="6" type="stmt"/>
        <line num="15" count="6" type="stmt"/>
        <line num="18" count="6" type="stmt"/>
        <line num="23" count="6" type="stmt"/>
        <line num="24" count="6" type="stmt"/>
        <line num="28" count="6" type="stmt"/>
        <line num="30" count="6" type="stmt"/>
        <line num="33" count="6" type="stmt"/>
        <line num="34" count="6" type="stmt"/>
        <line num="36" count="6" type="stmt"/>
        <line num="37" count="6" type="stmt"/>
        <line num="39" count="6" type="stmt"/>
        <line num="40" count="2" type="stmt"/>
        <line num="43" count="6" type="stmt"/>
        <line num="51" count="12" type="stmt"/>
        <line num="60" count="2" type="cond" truecount="1" falsecount="1"/>
        <line num="72" count="12" type="stmt"/>
        <line num="81" count="1" type="cond" truecount="1" falsecount="1"/>
        <line num="103" count="1" type="stmt"/>
        <line num="114" count="1" type="stmt"/>
        <line num="126" count="1" type="stmt"/>
      </file>
    </package>
  </project>
</coverage>
