{"C:\\Users\\Tomas\\Documents\\rick-and-morty-challenge\\rick-and-morty-challenge\\src\\components\\CharacterCard.tsx": {"path":"C:\\Users\\Tomas\\Documents\\rick-and-morty-challenge\\rick-and-morty-challenge\\src\\components\\CharacterCard.tsx","statementMap":{"0":{"start":{"line":13,"column":0},"end":{"line":13,"column":24}},"1":{"start":{"line":1,"column":0},"end":{"line":1,"column":49}},"2":{"start":{"line":21,"column":2},"end":{"line":35,"column":4}}},"fnMap":{"0":{"name":"CharacterCard","decl":{"start":{"line":13,"column":24},"end":{"line":13,"column":37}},"loc":{"start":{"line":20,"column":21},"end":{"line":36,"column":1}}}},"branchMap":{"0":{"loc":{"start":{"line":23,"column":35},"end":{"line":23,"column":66}},"type":"cond-expr","locations":[{"start":{"line":23,"column":46},"end":{"line":23,"column":61}},{"start":{"line":23,"column":64},"end":{"line":23,"column":66}}]}},"s":{"0":2,"1":2,"2":28},"f":{"0":28},"b":{"0":[5,23]}}
,"C:\\Users\\Tomas\\Documents\\rick-and-morty-challenge\\rick-and-morty-challenge\\src\\hooks\\useCharacterEpisodes.ts": {"path":"C:\\Users\\Tomas\\Documents\\rick-and-morty-challenge\\rick-and-morty-challenge\\src\\hooks\\useCharacterEpisodes.ts","statementMap":{"0":{"start":{"line":10,"column":0},"end":{"line":10,"column":16}},"1":{"start":{"line":1,"column":0},"end":{"line":1,"column":44}},"2":{"start":{"line":11,"column":34},"end":{"line":11,"column":57}},"3":{"start":{"line":12,"column":32},"end":{"line":12,"column":47}},"4":{"start":{"line":14,"column":2},"end":{"line":38,"column":20}},"5":{"start":{"line":15,"column":4},"end":{"line":15,"column":29}},"6":{"start":{"line":15,"column":22},"end":{"line":15,"column":29}},"7":{"start":{"line":17,"column":26},"end":{"line":35,"column":5}},"8":{"start":{"line":18,"column":6},"end":{"line":18,"column":23}},"9":{"start":{"line":19,"column":6},"end":{"line":34,"column":7}},"10":{"start":{"line":20,"column":20},"end":{"line":20,"column":91}},"11":{"start":{"line":21,"column":21},"end":{"line":21,"column":37}},"12":{"start":{"line":24,"column":8},"end":{"line":29,"column":9}},"13":{"start":{"line":25,"column":29},"end":{"line":25,"column":84}},"14":{"start":{"line":25,"column":63},"end":{"line":25,"column":83}},"15":{"start":{"line":26,"column":24},"end":{"line":26,"column":102}},"16":{"start":{"line":27,"column":25},"end":{"line":27,"column":43}},"17":{"start":{"line":28,"column":10},"end":{"line":28,"column":65}},"18":{"start":{"line":31,"column":8},"end":{"line":31,"column":27}},"19":{"start":{"line":33,"column":8},"end":{"line":33,"column":26}},"20":{"start":{"line":37,"column":4},"end":{"line":37,"column":20}},"21":{"start":{"line":40,"column":2},"end":{"line":40,"column":31}}},"fnMap":{"0":{"name":"useCharacterEpisodes","decl":{"start":{"line":10,"column":16},"end":{"line":10,"column":36}},"loc":{"start":{"line":10,"column":63},"end":{"line":41,"column":1}}},"1":{"name":"(anonymous_1)","decl":{"start":{"line":14,"column":12},"end":{"line":14,"column":15}},"loc":{"start":{"line":14,"column":17},"end":{"line":38,"column":3}}},"2":{"name":"(anonymous_2)","decl":{"start":{"line":17,"column":26},"end":{"line":17,"column":31}},"loc":{"start":{"line":17,"column":37},"end":{"line":35,"column":5}}},"3":{"name":"(anonymous_3)","decl":{"start":{"line":25,"column":46},"end":{"line":25,"column":47}},"loc":{"start":{"line":25,"column":63},"end":{"line":25,"column":83}}}},"branchMap":{"0":{"loc":{"start":{"line":15,"column":4},"end":{"line":15,"column":29}},"type":"if","locations":[{"start":{"line":15,"column":4},"end":{"line":15,"column":29}},{"start":{},"end":{}}]},"1":{"loc":{"start":{"line":24,"column":8},"end":{"line":29,"column":9}},"type":"if","locations":[{"start":{"line":24,"column":8},"end":{"line":29,"column":9}},{"start":{},"end":{}}]},"2":{"loc":{"start":{"line":28,"column":22},"end":{"line":28,"column":63}},"type":"cond-expr","locations":[{"start":{"line":28,"column":46},"end":{"line":28,"column":52}},{"start":{"line":28,"column":55},"end":{"line":28,"column":63}}]}},"s":{"0":1,"1":1,"2":3,"3":3,"4":3,"5":1,"6":0,"7":1,"8":1,"9":1,"10":1,"11":1,"12":1,"13":1,"14":2,"15":1,"16":1,"17":1,"18":0,"19":1,"20":1,"21":3},"f":{"0":3,"1":1,"2":1,"3":2},"b":{"0":[0,1],"1":[1,0],"2":[1,0]}}
,"C:\\Users\\Tomas\\Documents\\rick-and-morty-challenge\\rick-and-morty-challenge\\src\\hooks\\usePaginatedCharacters.ts": {"path":"C:\\Users\\Tomas\\Documents\\rick-and-morty-challenge\\rick-and-morty-challenge\\src\\hooks\\usePaginatedCharacters.ts","statementMap":{"0":{"start":{"line":5,"column":0},"end":{"line":5,"column":16}},"1":{"start":{"line":1,"column":0},"end":{"line":1,"column":44}},"2":{"start":{"line":2,"column":0},"end":{"line":2,"column":61}},"3":{"start":{"line":6,"column":26},"end":{"line":6,"column":67}},"4":{"start":{"line":7,"column":32},"end":{"line":7,"column":46}},"5":{"start":{"line":8,"column":28},"end":{"line":8,"column":56}},"6":{"start":{"line":10,"column":2},"end":{"line":19,"column":13}},"7":{"start":{"line":11,"column":4},"end":{"line":11,"column":21}},"8":{"start":{"line":12,"column":4},"end":{"line":18,"column":40}},"9":{"start":{"line":14,"column":8},"end":{"line":14,"column":21}},"10":{"start":{"line":15,"column":8},"end":{"line":15,"column":23}},"11":{"start":{"line":17,"column":22},"end":{"line":17,"column":35}},"12":{"start":{"line":18,"column":21},"end":{"line":18,"column":38}},"13":{"start":{"line":21,"column":2},"end":{"line":21,"column":34}}},"fnMap":{"0":{"name":"usePaginatedCharacters","decl":{"start":{"line":5,"column":16},"end":{"line":5,"column":38}},"loc":{"start":{"line":5,"column":51},"end":{"line":22,"column":1}}},"1":{"name":"(anonymous_1)","decl":{"start":{"line":10,"column":12},"end":{"line":10,"column":15}},"loc":{"start":{"line":10,"column":17},"end":{"line":19,"column":3}}},"2":{"name":"(anonymous_2)","decl":{"start":{"line":13,"column":12},"end":{"line":13,"column":13}},"loc":{"start":{"line":13,"column":20},"end":{"line":16,"column":7}}},"3":{"name":"(anonymous_3)","decl":{"start":{"line":17,"column":13},"end":{"line":17,"column":14}},"loc":{"start":{"line":17,"column":22},"end":{"line":17,"column":35}}},"4":{"name":"(anonymous_4)","decl":{"start":{"line":18,"column":15},"end":{"line":18,"column":18}},"loc":{"start":{"line":18,"column":21},"end":{"line":18,"column":38}}}},"branchMap":{},"s":{"0":1,"1":1,"2":1,"3":4,"4":4,"5":4,"6":4,"7":2,"8":2,"9":1,"10":1,"11":1,"12":2,"13":4},"f":{"0":4,"1":2,"2":1,"3":1,"4":2},"b":{}}
,"C:\\Users\\Tomas\\Documents\\rick-and-morty-challenge\\rick-and-morty-challenge\\src\\lib\\rickAndMortyApiCall.ts": {"path":"C:\\Users\\Tomas\\Documents\\rick-and-morty-challenge\\rick-and-morty-challenge\\src\\lib\\rickAndMortyApiCall.ts","statementMap":{"0":{"start":{"line":3,"column":0},"end":{"line":3,"column":7}},"1":{"start":{"line":1,"column":17},"end":{"line":1,"column":46}},"2":{"start":{"line":4,"column":14},"end":{"line":4,"column":67}},"3":{"start":{"line":5,"column":2},"end":{"line":5,"column":64}},"4":{"start":{"line":5,"column":15},"end":{"line":5,"column":64}},"5":{"start":{"line":6,"column":2},"end":{"line":6,"column":20}}},"fnMap":{"0":{"name":"fetchCharacters","decl":{"start":{"line":3,"column":22},"end":{"line":3,"column":37}},"loc":{"start":{"line":3,"column":46},"end":{"line":7,"column":1}}}},"branchMap":{"0":{"loc":{"start":{"line":3,"column":38},"end":{"line":3,"column":46}},"type":"default-arg","locations":[{"start":{"line":3,"column":45},"end":{"line":3,"column":46}}]},"1":{"loc":{"start":{"line":5,"column":2},"end":{"line":5,"column":64}},"type":"if","locations":[{"start":{"line":5,"column":2},"end":{"line":5,"column":64}},{"start":{},"end":{}}]}},"s":{"0":1,"1":1,"2":0,"3":0,"4":0,"5":0},"f":{"0":0},"b":{"0":[0],"1":[0,0]}}
,"C:\\Users\\Tomas\\Documents\\rick-and-morty-challenge\\rick-and-morty-challenge\\src\\pages\\Home.tsx": {"path":"C:\\Users\\Tomas\\Documents\\rick-and-morty-challenge\\rick-and-morty-challenge\\src\\pages\\Home.tsx","statementMap":{"0":{"start":{"line":10,"column":0},"end":{"line":10,"column":24}},"1":{"start":{"line":1,"column":0},"end":{"line":1,"column":33}},"2":{"start":{"line":3,"column":0},"end":{"line":3,"column":73}},"3":{"start":{"line":4,"column":0},"end":{"line":4,"column":69}},"4":{"start":{"line":6,"column":0},"end":{"line":6,"column":56}},"5":{"start":{"line":8,"column":0},"end":{"line":8,"column":40}},"6":{"start":{"line":11,"column":18},"end":{"line":11,"column":29}},"7":{"start":{"line":12,"column":18},"end":{"line":12,"column":29}},"8":{"start":{"line":15,"column":54},"end":{"line":16,"column":null}},"9":{"start":{"line":18,"column":54},"end":{"line":19,"column":null}},"10":{"start":{"line":23,"column":45},"end":{"line":23,"column":74}},"11":{"start":{"line":24,"column":45},"end":{"line":24,"column":74}},"12":{"start":{"line":28,"column":4},"end":{"line":28,"column":44}},"13":{"start":{"line":30,"column":4},"end":{"line":30,"column":44}},"14":{"start":{"line":33,"column":25},"end":{"line":34,"column":null}},"15":{"start":{"line":34,"column":4},"end":{"line":34,"column":43}},"16":{"start":{"line":34,"column":27},"end":{"line":34,"column":42}},"17":{"start":{"line":36,"column":16},"end":{"line":37,"column":null}},"18":{"start":{"line":37,"column":12},"end":{"line":37,"column":55}},"19":{"start":{"line":37,"column":40},"end":{"line":37,"column":54}},"20":{"start":{"line":39,"column":16},"end":{"line":40,"column":null}},"21":{"start":{"line":40,"column":12},"end":{"line":40,"column":55}},"22":{"start":{"line":40,"column":40},"end":{"line":40,"column":54}},"23":{"start":{"line":43,"column":2},"end":{"line":136,"column":4}},"24":{"start":{"line":51,"column":14},"end":{"line":52,"column":null}},"25":{"start":{"line":60,"column":18},"end":{"line":60,"column":80}},"26":{"start":{"line":60,"column":51},"end":{"line":60,"column":78}},"27":{"start":{"line":72,"column":14},"end":{"line":73,"column":null}},"28":{"start":{"line":81,"column":18},"end":{"line":81,"column":80}},"29":{"start":{"line":81,"column":51},"end":{"line":81,"column":78}},"30":{"start":{"line":103,"column":18},"end":{"line":103,"column":null}},"31":{"start":{"line":114,"column":18},"end":{"line":114,"column":null}},"32":{"start":{"line":126,"column":18},"end":{"line":126,"column":null}}},"fnMap":{"0":{"name":"Home","decl":{"start":{"line":10,"column":24},"end":{"line":10,"column":28}},"loc":{"start":{"line":10,"column":28},"end":{"line":137,"column":1}}},"1":{"name":"(anonymous_2)","decl":{"start":{"line":33,"column":42},"end":{"line":33,"column":43}},"loc":{"start":{"line":34,"column":4},"end":{"line":34,"column":43}}},"2":{"name":"(anonymous_3)","decl":{"start":{"line":34,"column":19},"end":{"line":34,"column":20}},"loc":{"start":{"line":34,"column":27},"end":{"line":34,"column":42}}},"3":{"name":"(anonymous_4)","decl":{"start":{"line":37,"column":4},"end":{"line":37,"column":5}},"loc":{"start":{"line":37,"column":12},"end":{"line":37,"column":55}}},"4":{"name":"(anonymous_5)","decl":{"start":{"line":37,"column":33},"end":{"line":37,"column":34}},"loc":{"start":{"line":37,"column":40},"end":{"line":37,"column":54}}},"5":{"name":"(anonymous_6)","decl":{"start":{"line":40,"column":4},"end":{"line":40,"column":5}},"loc":{"start":{"line":40,"column":12},"end":{"line":40,"column":55}}},"6":{"name":"(anonymous_7)","decl":{"start":{"line":40,"column":33},"end":{"line":40,"column":34}},"loc":{"start":{"line":40,"column":40},"end":{"line":40,"column":54}}},"7":{"name":"(anonymous_8)","decl":{"start":{"line":50,"column":33},"end":{"line":50,"column":34}},"loc":{"start":{"line":51,"column":14},"end":{"line":52,"column":null}}},"8":{"name":"(anonymous_9)","decl":{"start":{"line":59,"column":25},"end":{"line":59,"column":28}},"loc":{"start":{"line":60,"column":18},"end":{"line":60,"column":80}}},"9":{"name":"(anonymous_10)","decl":{"start":{"line":60,"column":40},"end":{"line":60,"column":41}},"loc":{"start":{"line":60,"column":51},"end":{"line":60,"column":78}}},"10":{"name":"(anonymous_11)","decl":{"start":{"line":71,"column":33},"end":{"line":71,"column":34}},"loc":{"start":{"line":72,"column":14},"end":{"line":73,"column":null}}},"11":{"name":"(anonymous_12)","decl":{"start":{"line":80,"column":25},"end":{"line":80,"column":28}},"loc":{"start":{"line":81,"column":18},"end":{"line":81,"column":80}}},"12":{"name":"(anonymous_13)","decl":{"start":{"line":81,"column":40},"end":{"line":81,"column":41}},"loc":{"start":{"line":81,"column":51},"end":{"line":81,"column":78}}},"13":{"name":"(anonymous_14)","decl":{"start":{"line":102,"column":27},"end":{"line":102,"column":28}},"loc":{"start":{"line":103,"column":18},"end":{"line":103,"column":null}}},"14":{"name":"(anonymous_15)","decl":{"start":{"line":113,"column":36},"end":{"line":113,"column":37}},"loc":{"start":{"line":114,"column":18},"end":{"line":114,"column":null}}},"15":{"name":"(anonymous_16)","decl":{"start":{"line":125,"column":27},"end":{"line":125,"column":28}},"loc":{"start":{"line":126,"column":18},"end":{"line":126,"column":null}}}},"branchMap":{"0":{"loc":{"start":{"line":48,"column":11},"end":{"line":48,"column":41}},"type":"binary-expr","locations":[{"start":{"line":48,"column":11},"end":{"line":48,"column":19}},{"start":{"line":48,"column":23},"end":{"line":48,"column":41}}]},"1":{"loc":{"start":{"line":60,"column":51},"end":{"line":60,"column":78}},"type":"cond-expr","locations":[{"start":{"line":60,"column":67},"end":{"line":60,"column":71}},{"start":{"line":60,"column":74},"end":{"line":60,"column":78}}]},"2":{"loc":{"start":{"line":69,"column":11},"end":{"line":69,"column":41}},"type":"binary-expr","locations":[{"start":{"line":69,"column":11},"end":{"line":69,"column":19}},{"start":{"line":69,"column":23},"end":{"line":69,"column":41}}]},"3":{"loc":{"start":{"line":81,"column":51},"end":{"line":81,"column":78}},"type":"cond-expr","locations":[{"start":{"line":81,"column":67},"end":{"line":81,"column":71}},{"start":{"line":81,"column":74},"end":{"line":81,"column":78}}]},"4":{"loc":{"start":{"line":91,"column":10},"end":{"line":93,"column":null}},"type":"cond-expr","locations":[{"start":{"line":92,"column":14},"end":{"line":92,"column":43}},{"start":{"line":93,"column":14},"end":{"line":93,"column":null}}]},"5":{"loc":{"start":{"line":91,"column":10},"end":{"line":91,"column":50}},"type":"binary-expr","locations":[{"start":{"line":91,"column":10},"end":{"line":91,"column":28}},{"start":{"line":91,"column":32},"end":{"line":91,"column":50}}]},"6":{"loc":{"start":{"line":96,"column":9},"end":{"line":132,"column":null}},"type":"binary-expr","locations":[{"start":{"line":96,"column":9},"end":{"line":96,"column":27}},{"start":{"line":96,"column":31},"end":{"line":96,"column":49}},{"start":{"line":97,"column":10},"end":{"line":131,"column":null}}]},"7":{"loc":{"start":{"line":100,"column":15},"end":{"line":100,"column":47}},"type":"binary-expr","locations":[{"start":{"line":100,"column":15},"end":{"line":100,"column":25}},{"start":{"line":100,"column":29},"end":{"line":100,"column":47}}]},"8":{"loc":{"start":{"line":123,"column":15},"end":{"line":123,"column":47}},"type":"binary-expr","locations":[{"start":{"line":123,"column":15},"end":{"line":123,"column":25}},{"start":{"line":123,"column":29},"end":{"line":123,"column":47}}]}},"s":{"0":1,"1":1,"2":1,"3":1,"4":1,"5":1,"6":6,"7":6,"8":6,"9":6,"10":6,"11":6,"12":6,"13":6,"14":6,"15":6,"16":3,"17":6,"18":6,"19":2,"20":6,"21":2,"22":2,"23":6,"24":12,"25":2,"26":2,"27":12,"28":1,"29":1,"30":1,"31":1,"32":1},"f":{"0":6,"1":6,"2":3,"3":6,"4":2,"5":2,"6":2,"7":12,"8":2,"9":2,"10":12,"11":1,"12":1,"13":1,"14":1,"15":1},"b":{"0":[6,0],"1":[0,2],"2":[6,0],"3":[0,1],"4":[1,5],"5":[6,3],"6":[6,3,1],"7":[1,0],"8":[1,0]}}
}
