TN:
SF:src\components\CharacterCard.tsx
FN:13,CharacterCard
FNF:1
FNH:1
FNDA:28,CharacterCard
DA:1,2
DA:13,2
DA:21,28
LF:3
LH:3
BRDA:23,0,0,5
BRDA:23,0,1,23
BRF:2
BRH:2
end_of_record
TN:
SF:src\hooks\useCharacterEpisodes.ts
FN:10,useCharacterEpisodes
FN:14,(anonymous_1)
FN:17,(anonymous_2)
FN:25,(anonymous_3)
FNF:4
FNH:4
FNDA:3,useCharacterEpisodes
FNDA:1,(anonymous_1)
FNDA:1,(anonymous_2)
FNDA:2,(anonymous_3)
DA:1,1
DA:10,1
DA:11,3
DA:12,3
DA:14,3
DA:15,1
DA:17,1
DA:18,1
DA:19,1
DA:20,1
DA:21,1
DA:24,1
DA:25,2
DA:26,1
DA:27,1
DA:28,1
DA:31,0
DA:33,1
DA:37,1
DA:40,3
LF:20
LH:19
BRDA:15,0,0,0
BRDA:15,0,1,1
BRDA:24,1,0,1
BRDA:24,1,1,0
BRDA:28,2,0,1
BRDA:28,2,1,0
BRF:6
BRH:3
end_of_record
TN:
SF:src\hooks\usePaginatedCharacters.ts
FN:5,usePaginatedCharacters
FN:10,(anonymous_1)
FN:13,(anonymous_2)
FN:17,(anonymous_3)
FN:18,(anonymous_4)
FNF:5
FNH:5
FNDA:4,usePaginatedCharacters
FNDA:2,(anonymous_1)
FNDA:1,(anonymous_2)
FNDA:1,(anonymous_3)
FNDA:2,(anonymous_4)
DA:1,1
DA:2,1
DA:5,1
DA:6,4
DA:7,4
DA:8,4
DA:10,4
DA:11,2
DA:12,2
DA:14,1
DA:15,1
DA:17,1
DA:18,2
DA:21,4
LF:14
LH:14
BRF:0
BRH:0
end_of_record
TN:
SF:src\lib\rickAndMortyApiCall.ts
FN:3,fetchCharacters
FNF:1
FNH:0
FNDA:0,fetchCharacters
DA:1,1
DA:3,1
DA:4,0
DA:5,0
DA:6,0
LF:5
LH:2
BRDA:3,0,0,0
BRDA:5,1,0,0
BRDA:5,1,1,0
BRF:3
BRH:0
end_of_record
TN:
SF:src\pages\Home.tsx
FN:10,Home
FN:33,(anonymous_2)
FN:34,(anonymous_3)
FN:37,(anonymous_4)
FN:37,(anonymous_5)
FN:40,(anonymous_6)
FN:40,(anonymous_7)
FN:50,(anonymous_8)
FN:59,(anonymous_9)
FN:60,(anonymous_10)
FN:71,(anonymous_11)
FN:80,(anonymous_12)
FN:81,(anonymous_13)
FN:102,(anonymous_14)
FN:113,(anonymous_15)
FN:125,(anonymous_16)
FNF:16
FNH:16
FNDA:6,Home
FNDA:6,(anonymous_2)
FNDA:3,(anonymous_3)
FNDA:6,(anonymous_4)
FNDA:2,(anonymous_5)
FNDA:2,(anonymous_6)
FNDA:2,(anonymous_7)
FNDA:12,(anonymous_8)
FNDA:2,(anonymous_9)
FNDA:2,(anonymous_10)
FNDA:12,(anonymous_11)
FNDA:1,(anonymous_12)
FNDA:1,(anonymous_13)
FNDA:1,(anonymous_14)
FNDA:1,(anonymous_15)
FNDA:1,(anonymous_16)
DA:1,1
DA:3,1
DA:4,1
DA:6,1
DA:8,1
DA:10,1
DA:11,6
DA:12,6
DA:15,6
DA:18,6
DA:23,6
DA:24,6
DA:28,6
DA:30,6
DA:33,6
DA:34,6
DA:36,6
DA:37,6
DA:39,6
DA:40,2
DA:43,6
DA:51,12
DA:60,2
DA:72,12
DA:81,1
DA:103,1
DA:114,1
DA:126,1
LF:28
LH:28
BRDA:48,0,0,6
BRDA:48,0,1,0
BRDA:60,1,0,0
BRDA:60,1,1,2
BRDA:69,2,0,6
BRDA:69,2,1,0
BRDA:81,3,0,0
BRDA:81,3,1,1
BRDA:91,4,0,1
BRDA:91,4,1,5
BRDA:91,5,0,6
BRDA:91,5,1,3
BRDA:96,6,0,6
BRDA:96,6,1,3
BRDA:96,6,2,1
BRDA:100,7,0,1
BRDA:100,7,1,0
BRDA:123,8,0,1
BRDA:123,8,1,0
BRF:19
BRH:13
end_of_record
